irun(64): 15.20-s051: (c) Copyright 1995-2018 Cadence Design Systems, Inc.
TOOL:	irun(64)	15.20-s051: Started on Apr 04, 2022 at 16:55:37 IST
irun
	-access +rwc
	nand_gate_tb.v
file: nand_gate_tb.v
	module worklib.nand_gate_tb:v
		errors: 0, warnings: 0
	module worklib.nand_gate:v
		errors: 0, warnings: 0
		Caching library 'worklib' ....... Done
	Elaborating the design hierarchy:
	Top level design units:
		nand_gate_tb
	Building instance overlay tables: .................... Done
	Generating native compiled code:
		worklib.nand_gate:v <0x1944e1ff>
			streams:   0, words:     0
		worklib.nand_gate_tb:v <0x2e67c3d9>
			streams:   4, words:  4766
	Building instance specific data structures.
	Loading native compiled code:     .................... Done
	Design hierarchy summary:
		             Instances  Unique
		Modules:             2       2
		Registers:           2       2
		Scalar wires:        3       -
		Initial blocks:      1       1
		Cont. assignments:   0       1
		Pseudo assignments:  2       2
	Writing initial simulation snapshot: worklib.nand_gate_tb:v
Loading snapshot worklib.nand_gate_tb:v .................... Done
ncsim> source /cad_area/install/INCISIVE152/tools/inca/files/ncsimrc
ncsim> run
a=0,b=0,c=1
a=1,b=0,c=1
a=0,b=1,c=1
a=1,b=1,c=0
ncsim: *W,RNQUIE: Simulation is complete.
ncsim> exit
TOOL:	irun(64)	15.20-s051: Exiting on Apr 04, 2022 at 16:55:37 IST  (total: 00:00:00)
